2024-05-29T18:33:36.986702+00:00 INFO 'ansible_navigator.setup_logger' New ansible-navigator instance, logging initialized
2024-05-29T18:33:36.987081+00:00 INFO 'ansible_navigator.setup_logger' New ansible-runner instance, logging initialized
2024-05-29T18:33:36.987112+00:00 DEBUG 'ansible_navigator.main' Jinja2==3.1.4 
2024-05-29T18:33:36.987133+00:00 DEBUG 'ansible_navigator.main' MarkupSafe==2.1.5 
2024-05-29T18:33:36.987150+00:00 DEBUG 'ansible_navigator.main' Parsley==1.3 
2024-05-29T18:33:36.987166+00:00 DEBUG 'ansible_navigator.main' PyYAML==6.0.1 
2024-05-29T18:33:36.987182+00:00 DEBUG 'ansible_navigator.main' Pygments==2.18.0 
2024-05-29T18:33:36.987197+00:00 DEBUG 'ansible_navigator.main' altgraph==0.17.2 /Library/Developer/CommandLineTools/Library/Frameworks/Python3.framework/Versions/3.9/lib/python3.9/site-packages/altgraph/__init__.py
2024-05-29T18:33:36.987214+00:00 DEBUG 'ansible_navigator.main' ansible-builder==3.0.1 
2024-05-29T18:33:36.987231+00:00 DEBUG 'ansible_navigator.main' ansible-compat==24.5.1 
2024-05-29T18:33:36.987245+00:00 DEBUG 'ansible_navigator.main' ansible-core==2.15.12 
2024-05-29T18:33:36.987259+00:00 DEBUG 'ansible_navigator.main' ansible-lint==6.22.2 
2024-05-29T18:33:36.987274+00:00 DEBUG 'ansible_navigator.main' ansible-navigator==24.2.0 
2024-05-29T18:33:36.987288+00:00 DEBUG 'ansible_navigator.main' ansible-runner==2.4.0 
2024-05-29T18:33:36.987302+00:00 DEBUG 'ansible_navigator.main' attrs==23.2.0 /Users/edwardingram/Library/Python/3.9/lib/python/site-packages/attrs/__init__.py
2024-05-29T18:33:36.987316+00:00 DEBUG 'ansible_navigator.main' bindep==2.11.0 /Users/edwardingram/Library/Python/3.9/lib/python/site-packages/bindep/__init__.py
2024-05-29T18:33:36.987330+00:00 DEBUG 'ansible_navigator.main' black==24.4.2 /Users/edwardingram/Library/Python/3.9/lib/python/site-packages/black/__init__.cpython-39-darwin.so
2024-05-29T18:33:36.987346+00:00 DEBUG 'ansible_navigator.main' bracex==2.4 /Users/edwardingram/Library/Python/3.9/lib/python/site-packages/bracex/__init__.py
2024-05-29T18:33:36.987360+00:00 DEBUG 'ansible_navigator.main' cffi==1.16.0 /Users/edwardingram/Library/Python/3.9/lib/python/site-packages/cffi/__init__.py
2024-05-29T18:33:36.987374+00:00 DEBUG 'ansible_navigator.main' click==8.1.7 /Users/edwardingram/Library/Python/3.9/lib/python/site-packages/click/__init__.py
2024-05-29T18:33:36.987388+00:00 DEBUG 'ansible_navigator.main' cryptography==42.0.7 /Users/edwardingram/Library/Python/3.9/lib/python/site-packages/cryptography/__init__.py
2024-05-29T18:33:36.987402+00:00 DEBUG 'ansible_navigator.main' distro==1.9.0 /Users/edwardingram/Library/Python/3.9/lib/python/site-packages/distro/__init__.py
2024-05-29T18:33:36.987415+00:00 DEBUG 'ansible_navigator.main' docutils==0.21.2 /Users/edwardingram/Library/Python/3.9/lib/python/site-packages/docutils/__init__.py
2024-05-29T18:33:36.987429+00:00 DEBUG 'ansible_navigator.main' filelock==3.14.0 /Users/edwardingram/Library/Python/3.9/lib/python/site-packages/filelock/__init__.py
2024-05-29T18:33:36.987445+00:00 DEBUG 'ansible_navigator.main' future==0.18.2 /Library/Developer/CommandLineTools/Library/Frameworks/Python3.framework/Versions/3.9/lib/python3.9/site-packages/future/__init__.py
2024-05-29T18:33:36.987461+00:00 DEBUG 'ansible_navigator.main' importlib-metadata==6.2.1 
2024-05-29T18:33:36.987474+00:00 DEBUG 'ansible_navigator.main' importlib-resources==5.0.7 
2024-05-29T18:33:36.987490+00:00 DEBUG 'ansible_navigator.main' jsonschema-specifications==2023.12.1 
2024-05-29T18:33:36.987504+00:00 DEBUG 'ansible_navigator.main' jsonschema==4.22.0 /Users/edwardingram/Library/Python/3.9/lib/python/site-packages/jsonschema/__init__.py
2024-05-29T18:33:36.987518+00:00 DEBUG 'ansible_navigator.main' lockfile==0.12.2 /Users/edwardingram/Library/Python/3.9/lib/python/site-packages/lockfile/__init__.py
2024-05-29T18:33:36.987531+00:00 DEBUG 'ansible_navigator.main' macholib==1.15.2 /Library/Developer/CommandLineTools/Library/Frameworks/Python3.framework/Versions/3.9/lib/python3.9/site-packages/macholib/__init__.py
2024-05-29T18:33:36.987548+00:00 DEBUG 'ansible_navigator.main' markdown-it-py==3.0.0 
2024-05-29T18:33:36.987573+00:00 DEBUG 'ansible_navigator.main' mdurl==0.1.2 /Users/edwardingram/Library/Python/3.9/lib/python/site-packages/mdurl/__init__.py
2024-05-29T18:33:36.987586+00:00 DEBUG 'ansible_navigator.main' mypy-extensions==1.0.0 
2024-05-29T18:33:36.987599+00:00 DEBUG 'ansible_navigator.main' onigurumacffi==1.3.0 /Users/edwardingram/Library/Python/3.9/lib/python/site-packages/onigurumacffi.py
2024-05-29T18:33:36.987612+00:00 DEBUG 'ansible_navigator.main' packaging==24.0 /Users/edwardingram/Library/Python/3.9/lib/python/site-packages/packaging/__init__.py
2024-05-29T18:33:36.987627+00:00 DEBUG 'ansible_navigator.main' pathspec==0.12.1 /Users/edwardingram/Library/Python/3.9/lib/python/site-packages/pathspec/__init__.py
2024-05-29T18:33:36.987640+00:00 DEBUG 'ansible_navigator.main' pbr==6.0.0 /Users/edwardingram/Library/Python/3.9/lib/python/site-packages/pbr/__init__.py
2024-05-29T18:33:36.987652+00:00 DEBUG 'ansible_navigator.main' pexpect==4.9.0 /Users/edwardingram/Library/Python/3.9/lib/python/site-packages/pexpect/__init__.py
2024-05-29T18:33:36.987665+00:00 DEBUG 'ansible_navigator.main' pip==24.0 /Users/edwardingram/Library/Python/3.9/lib/python/site-packages/pip/__init__.py
2024-05-29T18:33:36.987680+00:00 DEBUG 'ansible_navigator.main' platformdirs==4.2.2 /Users/edwardingram/Library/Python/3.9/lib/python/site-packages/platformdirs/__init__.py
2024-05-29T18:33:36.987692+00:00 DEBUG 'ansible_navigator.main' ptyprocess==0.7.0 /Users/edwardingram/Library/Python/3.9/lib/python/site-packages/ptyprocess/__init__.py
2024-05-29T18:33:36.987705+00:00 DEBUG 'ansible_navigator.main' pycparser==2.22 /Users/edwardingram/Library/Python/3.9/lib/python/site-packages/pycparser/__init__.py
2024-05-29T18:33:36.987717+00:00 DEBUG 'ansible_navigator.main' python-daemon==3.0.1 
2024-05-29T18:33:36.987729+00:00 DEBUG 'ansible_navigator.main' referencing==0.35.1 /Users/edwardingram/Library/Python/3.9/lib/python/site-packages/referencing/__init__.py
2024-05-29T18:33:36.987742+00:00 DEBUG 'ansible_navigator.main' requirements-parser==0.9.0 
2024-05-29T18:33:36.987754+00:00 DEBUG 'ansible_navigator.main' resolvelib==1.0.1 /Users/edwardingram/Library/Python/3.9/lib/python/site-packages/resolvelib/__init__.py
2024-05-29T18:33:36.987767+00:00 DEBUG 'ansible_navigator.main' rich==13.7.1 /Users/edwardingram/Library/Python/3.9/lib/python/site-packages/rich/__init__.py
2024-05-29T18:33:36.987779+00:00 DEBUG 'ansible_navigator.main' rpds-py==0.18.1 
2024-05-29T18:33:36.987791+00:00 DEBUG 'ansible_navigator.main' ruamel.yaml.clib==0.2.8 
2024-05-29T18:33:36.987804+00:00 DEBUG 'ansible_navigator.main' ruamel.yaml==0.18.6 /Users/edwardingram/Library/Python/3.9/lib/python/site-packages/ruamel/yaml/__init__.py
2024-05-29T18:33:36.987816+00:00 DEBUG 'ansible_navigator.main' setuptools==70.0.0 /Users/edwardingram/Library/Python/3.9/lib/python/site-packages/setuptools/__init__.py
2024-05-29T18:33:36.987829+00:00 DEBUG 'ansible_navigator.main' six==1.15.0 /Library/Developer/CommandLineTools/Library/Frameworks/Python3.framework/Versions/3.9/lib/python3.9/site-packages/six.py
2024-05-29T18:33:36.987845+00:00 DEBUG 'ansible_navigator.main' subprocess-tee==0.4.1 
2024-05-29T18:33:36.987858+00:00 DEBUG 'ansible_navigator.main' tomli==2.0.1 /Users/edwardingram/Library/Python/3.9/lib/python/site-packages/tomli/__init__.py
2024-05-29T18:33:36.987870+00:00 DEBUG 'ansible_navigator.main' types-setuptools==70.0.0.20240524 
2024-05-29T18:33:36.987883+00:00 DEBUG 'ansible_navigator.main' typing_extensions==4.12.0 /Users/edwardingram/Library/Python/3.9/lib/python/site-packages/typing_extensions.py
2024-05-29T18:33:36.987895+00:00 DEBUG 'ansible_navigator.main' tzdata==2024.1 /Users/edwardingram/Library/Python/3.9/lib/python/site-packages/tzdata/__init__.py
2024-05-29T18:33:36.987908+00:00 DEBUG 'ansible_navigator.main' wcmatch==8.5.2 /Users/edwardingram/Library/Python/3.9/lib/python/site-packages/wcmatch/__init__.py
2024-05-29T18:33:36.987920+00:00 DEBUG 'ansible_navigator.main' wheel==0.37.0 /Library/Developer/CommandLineTools/Library/Frameworks/Python3.framework/Versions/3.9/lib/python3.9/site-packages/wheel/__init__.py
2024-05-29T18:33:36.987941+00:00 DEBUG 'ansible_navigator.main' yamllint==1.35.1 /Users/edwardingram/Library/Python/3.9/lib/python/site-packages/yamllint/__init__.py
2024-05-29T18:33:36.987953+00:00 DEBUG 'ansible_navigator.main' zipp==3.18.2 /Users/edwardingram/Library/Python/3.9/lib/python/site-packages/zipp/__init__.py
2024-05-29T18:33:36.987966+00:00 DEBUG 'ansible_navigator.main' Default collection_doc_cache_path set to: /Users/edwardingram/.cache/ansible-navigator/collection_doc_cache.db
2024-05-29T18:33:36.987978+00:00 DEBUG 'ansible_navigator.main' EDITOR environment variable not set
2024-05-29T18:33:36.987991+00:00 DEBUG 'ansible_navigator.main' Default editor_command set to: vi +{line_number} {filename}
2024-05-29T18:33:36.988003+00:00 DEBUG 'ansible_navigator.main' No config file set by ANSIBLE_NAVIGATOR_CONFIG
2024-05-29T18:33:36.988016+00:00 DEBUG 'ansible_navigator.main' Looking in /Users/edwardingram
2024-05-29T18:33:36.988028+00:00 DEBUG 'ansible_navigator.main' Looking for '/Users/edwardingram/.ansible-navigator.yml', '/Users/edwardingram/.ansible-navigator.yaml' and '/Users/edwardingram/.ansible-navigator.json'
2024-05-29T18:33:36.988041+00:00 DEBUG 'ansible_navigator.main' Found 1: '/Users/edwardingram/.ansible-navigator.yml'
2024-05-29T18:33:36.988053+00:00 DEBUG 'ansible_navigator.main' Looking in /Users/edwardingram/code/ansible/collections/ansible_collections/eingram23/homelab
2024-05-29T18:33:36.988065+00:00 DEBUG 'ansible_navigator.main' Looking for '/Users/edwardingram/code/ansible/collections/ansible_collections/eingram23/homelab/ansible-navigator.yml', '/Users/edwardingram/code/ansible/collections/ansible_collections/eingram23/homelab/ansible-navigator.yaml' and '/Users/edwardingram/code/ansible/collections/ansible_collections/eingram23/homelab/ansible-navigator.json'
2024-05-29T18:33:36.988078+00:00 DEBUG 'ansible_navigator.main' Found 0: 
2024-05-29T18:33:36.988090+00:00 DEBUG 'ansible_navigator.main' All found 1: '/Users/edwardingram/.ansible-navigator.yml'
2024-05-29T18:33:36.988105+00:00 DEBUG 'ansible_navigator.main' Using: /Users/edwardingram/.ansible-navigator.yml
2024-05-29T18:33:36.988118+00:00 DEBUG 'ansible_navigator.main' Using settings file at /Users/edwardingram/.ansible-navigator.yml in search path
2024-05-29T18:33:36.988132+00:00 DEBUG 'ansible_navigator.main' Command provided: 'run inspect_ee.yaml'
2024-05-29T18:33:36.988144+00:00 DEBUG 'ansible_navigator.main' ansible-navigator.ansible-runner.artifact-dir not found in settings file
2024-05-29T18:33:36.988157+00:00 DEBUG 'ansible_navigator.main' ansible-navigator.ansible-runner.rotate-artifacts-count not found in settings file
2024-05-29T18:33:36.988169+00:00 DEBUG 'ansible_navigator.main' ansible-navigator.ansible-runner.timeout not found in settings file
2024-05-29T18:33:36.988181+00:00 DEBUG 'ansible_navigator.main' ansible-navigator.ansible-runner.job-events not found in settings file
2024-05-29T18:33:36.988193+00:00 DEBUG 'ansible_navigator.main' ansible-navigator.app not found in settings file
2024-05-29T18:33:36.988206+00:00 DEBUG 'ansible_navigator.main' ansible-navigator.ansible.cmdline not found in settings file
2024-05-29T18:33:36.988218+00:00 DEBUG 'ansible_navigator.main' ansible-navigator.collection-doc-cache-path not found in settings file
2024-05-29T18:33:36.988231+00:00 DEBUG 'ansible_navigator.main' ansible-navigator.ansible.config.path not found in settings file
2024-05-29T18:33:36.988243+00:00 DEBUG 'ansible_navigator.main' ansible-navigator.color.enable not found in settings file
2024-05-29T18:33:36.988255+00:00 DEBUG 'ansible_navigator.main' ansible-navigator.editor.command not found in settings file
2024-05-29T18:33:36.988270+00:00 DEBUG 'ansible_navigator.main' ansible-navigator.editor.console not found in settings file
2024-05-29T18:33:36.988282+00:00 DEBUG 'ansible_navigator.main' ansible-navigator.enable-prompts not found in settings file
2024-05-29T18:33:36.988294+00:00 DEBUG 'ansible_navigator.main' ansible-navigator.exec.command not found in settings file
2024-05-29T18:33:36.988313+00:00 DEBUG 'ansible_navigator.main' ansible-navigator.exec.shell not found in settings file
2024-05-29T18:33:36.988325+00:00 DEBUG 'ansible_navigator.main' ansible-navigator.format not found in settings file
2024-05-29T18:33:36.988337+00:00 DEBUG 'ansible_navigator.main' ansible-navigator.ansible-builder.help not found in settings file
2024-05-29T18:33:36.988349+00:00 DEBUG 'ansible_navigator.main' ansible-navigator.ansible.doc.help not found in settings file
2024-05-29T18:33:36.988362+00:00 DEBUG 'ansible_navigator.main' ansible-navigator.ansible.playbook.help not found in settings file
2024-05-29T18:33:36.988374+00:00 DEBUG 'ansible_navigator.main' ansible-navigator.images.details not found in settings file
2024-05-29T18:33:36.988386+00:00 DEBUG 'ansible_navigator.main' ansible-navigator.inventory-columns not found in settings file
2024-05-29T18:33:36.988399+00:00 DEBUG 'ansible_navigator.main' ansible-navigator.ansible-lint.config not found in settings file
2024-05-29T18:33:36.988411+00:00 DEBUG 'ansible_navigator.main' ansible-navigator.ansible-lint.lintables not found in settings file
2024-05-29T18:33:36.988423+00:00 DEBUG 'ansible_navigator.main' ansible-navigator.color.osc4 not found in settings file
2024-05-29T18:33:36.988436+00:00 DEBUG 'ansible_navigator.main' ansible-navigator.ansible.playbook.path not found in settings file
2024-05-29T18:33:36.988448+00:00 DEBUG 'ansible_navigator.main' ansible-navigator.ansible.doc.plugin.name not found in settings file
2024-05-29T18:33:36.988460+00:00 DEBUG 'ansible_navigator.main' ansible-navigator.ansible.doc.plugin.type not found in settings file
2024-05-29T18:33:36.988473+00:00 DEBUG 'ansible_navigator.main' ansible-navigator.execution-environment.pull.arguments not found in settings file
2024-05-29T18:33:36.988485+00:00 DEBUG 'ansible_navigator.main' ansible-navigator.settings.effective not found in settings file
2024-05-29T18:33:36.988497+00:00 DEBUG 'ansible_navigator.main' ansible-navigator.settings.sample not found in settings file
2024-05-29T18:33:36.988510+00:00 DEBUG 'ansible_navigator.main' ansible-navigator.settings.schema not found in settings file
2024-05-29T18:33:36.988522+00:00 DEBUG 'ansible_navigator.main' ansible-navigator.settings.sources not found in settings file
2024-05-29T18:33:36.988537+00:00 DEBUG 'ansible_navigator.main' ansible-navigator.time-zone not found in settings file
2024-05-29T18:33:36.988553+00:00 DEBUG 'ansible_navigator.main' ansible-navigator.ansible-builder.workdir not found in settings file
2024-05-29T18:33:36.988570+00:00 DEBUG 'ansible_navigator.main' EE support enabled: using current working directory for 'ansible.cfg'
2024-05-29T18:33:36.988587+00:00 INFO 'ansible_navigator.main' EE support enabled: found 'ansible.cfg' in current working directory.
2024-05-29T18:33:36.988602+00:00 DEBUG 'ansible_navigator.main' Completed post processing for ansible_runner_artifact_dir. (changed=False)
2024-05-29T18:33:36.988617+00:00 DEBUG 'ansible_navigator.main' Completed post processing for ansible_runner_rotate_artifacts_count. (changed=False)
2024-05-29T18:33:36.988633+00:00 DEBUG 'ansible_navigator.main' Completed post processing for ansible_runner_timeout. (changed=False)
2024-05-29T18:33:36.988648+00:00 DEBUG 'ansible_navigator.main' Completed post processing for cmdline. (changed=False)
2024-05-29T18:33:36.988663+00:00 DEBUG 'ansible_navigator.main' Completed post processing for collection_doc_cache_path. (changed=False)
2024-05-29T18:33:36.988678+00:00 DEBUG 'ansible_navigator.main' Completed post processing for container_engine. (changed=False)
2024-05-29T18:33:36.988693+00:00 DEBUG 'ansible_navigator.main' Completed post processing for container_options. (changed=False)
2024-05-29T18:33:36.988712+00:00 DEBUG 'ansible_navigator.main' Completed post processing for display_color. (changed=False)
2024-05-29T18:33:36.988727+00:00 DEBUG 'ansible_navigator.main' Completed post processing for enable_prompts. (changed=False)
2024-05-29T18:33:36.988749+00:00 DEBUG 'ansible_navigator.main' Completed post processing for execution_environment. (changed=False)
2024-05-29T18:33:36.988764+00:00 DEBUG 'ansible_navigator.main' Completed post processing for execution_environment_image. (changed=False)
2024-05-29T18:33:36.988779+00:00 DEBUG 'ansible_navigator.main' Completed post processing for help_builder. (changed=False)
2024-05-29T18:33:36.988794+00:00 DEBUG 'ansible_navigator.main' Completed post processing for help_config. (changed=False)
2024-05-29T18:33:36.988810+00:00 DEBUG 'ansible_navigator.main' Completed post processing for help_doc. (changed=False)
2024-05-29T18:33:36.988825+00:00 DEBUG 'ansible_navigator.main' Completed post processing for help_inventory. (changed=False)
2024-05-29T18:33:36.988844+00:00 DEBUG 'ansible_navigator.main' Completed post processing for help_playbook. (changed=False)
2024-05-29T18:33:36.988862+00:00 DEBUG 'ansible_navigator.main' Completed post processing for images_details. (changed=False)
2024-05-29T18:33:36.988877+00:00 DEBUG 'ansible_navigator.main' Completed post processing for inventory. (changed=True)
2024-05-29T18:33:36.988893+00:00 DEBUG 'ansible_navigator.main'  before: '['~/code/ansible/ansible-etc/inventory/homelab.linux.vmware.yaml', '~/code/ansible/ansible-etc/inventory/homelab.windowshl.vmware.yaml', '~/code/ansible/ansible-etc/inventory/homelab.windowswg.vmware.yaml', '~/code/ansible/ansible-etc/inventory/hosts']'
2024-05-29T18:33:36.988910+00:00 DEBUG 'ansible_navigator.main'  after: '['/Users/edwardingram/code/ansible/ansible-etc/inventory/homelab.linux.vmware.yaml', '/Users/edwardingram/code/ansible/ansible-etc/inventory/homelab.windowshl.vmware.yaml', '/Users/edwardingram/code/ansible/ansible-etc/inventory/homelab.windowswg.vmware.yaml', '/Users/edwardingram/code/ansible/ansible-etc/inventory/hosts']'
2024-05-29T18:33:36.988926+00:00 DEBUG 'ansible_navigator.main' Completed post processing for inventory_column. (changed=False)
2024-05-29T18:33:36.988941+00:00 DEBUG 'ansible_navigator.main' Completed post processing for log_file. (changed=False)
2024-05-29T18:33:36.988956+00:00 DEBUG 'ansible_navigator.main' Completed post processing for pass_environment_variable. (changed=False)
2024-05-29T18:33:36.988972+00:00 DEBUG 'ansible_navigator.main' Completed post processing for playbook. (changed=True)
2024-05-29T18:33:36.988987+00:00 DEBUG 'ansible_navigator.main'  before: 'inspect_ee.yaml'
2024-05-29T18:33:36.989002+00:00 DEBUG 'ansible_navigator.main'  after: '/Users/edwardingram/code/ansible/collections/ansible_collections/eingram23/homelab/inspect_ee.yaml'
2024-05-29T18:33:36.989018+00:00 DEBUG 'ansible_navigator.main' Completed post processing for playbook_artifact_replay. (changed=False)
2024-05-29T18:33:36.989033+00:00 DEBUG 'ansible_navigator.main' Completed post processing for playbook_artifact_save_as. (changed=False)
2024-05-29T18:33:36.989049+00:00 DEBUG 'ansible_navigator.main' Completed post processing for plugin_name. (changed=False)
2024-05-29T18:33:36.989065+00:00 DEBUG 'ansible_navigator.main' Completed post processing for pull_arguments. (changed=False)
2024-05-29T18:33:36.989080+00:00 DEBUG 'ansible_navigator.main' Completed post processing for set_environment_variable. (changed=False)
2024-05-29T18:33:36.989096+00:00 DEBUG 'ansible_navigator.main' Completed post processing for settings_effective. (changed=False)
2024-05-29T18:33:36.989112+00:00 DEBUG 'ansible_navigator.main' Completed post processing for settings_sample. (changed=False)
2024-05-29T18:33:36.989127+00:00 DEBUG 'ansible_navigator.main' Completed post processing for settings_schema. (changed=False)
2024-05-29T18:33:36.989144+00:00 DEBUG 'ansible_navigator.main' Completed post processing for settings_sources. (changed=False)
2024-05-29T18:33:36.989157+00:00 DEBUG 'ansible_navigator.main' Completed post processing for time_zone. (changed=False)
2024-05-29T18:33:36.989169+00:00 DEBUG 'ansible_navigator.main' Completed post processing for execution_environment_volume_mounts. (changed=False)
2024-05-29T18:33:36.989182+00:00 DEBUG 'ansible_navigator.main' Completed post processing for mode. (changed=False)
2024-05-29T18:33:36.989199+00:00 DEBUG 'ansible_navigator.main' Completed post processing for playbook_artifact_enable. (changed=False)
2024-05-29T18:33:36.989213+00:00 WARNING 'ansible_navigator.main' Configuration errors encountered, rolling back to previous configuration.
2024-05-29T18:33:36.989225+00:00 DEBUG 'ansible_navigator.main' Prior to rollback: ansible_runner_artifact_dir = 'Not set' (Constants/Not set)
2024-05-29T18:33:36.989237+00:00 DEBUG 'ansible_navigator.main' Prior to rollback: ansible_runner_rotate_artifacts_count = 'Not set' (Constants/Not set)
2024-05-29T18:33:36.989250+00:00 DEBUG 'ansible_navigator.main' Prior to rollback: ansible_runner_timeout = 'Not set' (Constants/Not set)
2024-05-29T18:33:36.989262+00:00 DEBUG 'ansible_navigator.main' Prior to rollback: ansible_runner_write_job_events = 'False' (bool/Defaults)
2024-05-29T18:33:36.989275+00:00 DEBUG 'ansible_navigator.main' Prior to rollback: app = 'run' (str/Command line)
2024-05-29T18:33:36.989288+00:00 DEBUG 'ansible_navigator.main' Prior to rollback: cmdline = 'Not set' (Constants/Not set)
2024-05-29T18:33:36.989300+00:00 DEBUG 'ansible_navigator.main' Prior to rollback: collection_doc_cache_path = '/Users/edwardingram/.cache/ansible-navigator/collection_doc_cache.db' (str/Defaults)
2024-05-29T18:33:36.989318+00:00 DEBUG 'ansible_navigator.main' Prior to rollback: config = '/Users/edwardingram/code/ansible/etc/.ansible.cfg' (str/Environment variable)
2024-05-29T18:33:36.989332+00:00 DEBUG 'ansible_navigator.main' Prior to rollback: container_engine = 'podman' (str/Settings file)
2024-05-29T18:33:36.989344+00:00 DEBUG 'ansible_navigator.main' Prior to rollback: container_options = '['--net=host']' (list/Settings file)
2024-05-29T18:33:36.989357+00:00 DEBUG 'ansible_navigator.main' Prior to rollback: display_color = 'True' (bool/Defaults)
2024-05-29T18:33:36.989369+00:00 DEBUG 'ansible_navigator.main' Prior to rollback: editor_command = 'vi +{line_number} {filename}' (str/Defaults)
2024-05-29T18:33:36.989382+00:00 DEBUG 'ansible_navigator.main' Prior to rollback: editor_console = 'True' (bool/Defaults)
2024-05-29T18:33:36.989394+00:00 DEBUG 'ansible_navigator.main' Prior to rollback: enable_prompts = 'False' (bool/Defaults)
2024-05-29T18:33:36.989407+00:00 DEBUG 'ansible_navigator.main' Prior to rollback: exec_command = '/bin/bash' (str/Defaults)
2024-05-29T18:33:36.989420+00:00 DEBUG 'ansible_navigator.main' Prior to rollback: exec_shell = 'True' (bool/Defaults)
2024-05-29T18:33:36.989433+00:00 DEBUG 'ansible_navigator.main' Prior to rollback: execution_environment = 'True' (bool/Settings file)
2024-05-29T18:33:36.989447+00:00 DEBUG 'ansible_navigator.main' Prior to rollback: execution_environment_image = 'localhost/homelab_awx_v4:1.2' (str/Settings file)
2024-05-29T18:33:36.989460+00:00 DEBUG 'ansible_navigator.main' Prior to rollback: execution_environment_volume_mounts = '[{'src': '~/code/ansible/projects/homelab/collections', 'dest': '/usr/share/ansible/collections', 'options': 'Z'}, {'src': '~/code/ansible/ansible-etc/.ansible.cfg', 'dest': '/tmp/ansible-config', 'options': 'Z'}]' (list/Settings file)
2024-05-29T18:33:36.989473+00:00 DEBUG 'ansible_navigator.main' Prior to rollback: format = 'yaml' (str/Defaults)
2024-05-29T18:33:36.989485+00:00 DEBUG 'ansible_navigator.main' Prior to rollback: help_builder = 'False' (bool/Defaults)
2024-05-29T18:33:36.989498+00:00 DEBUG 'ansible_navigator.main' Prior to rollback: help_config = 'False' (bool/Settings file)
2024-05-29T18:33:36.989510+00:00 DEBUG 'ansible_navigator.main' Prior to rollback: help_doc = 'False' (bool/Defaults)
2024-05-29T18:33:36.989522+00:00 DEBUG 'ansible_navigator.main' Prior to rollback: help_inventory = 'False' (bool/Settings file)
2024-05-29T18:33:36.989535+00:00 DEBUG 'ansible_navigator.main' Prior to rollback: help_playbook = 'False' (bool/Defaults)
2024-05-29T18:33:36.989547+00:00 DEBUG 'ansible_navigator.main' Prior to rollback: images_details = '['everything']' (list/Defaults)
2024-05-29T18:33:36.989563+00:00 DEBUG 'ansible_navigator.main' Prior to rollback: inventory = '['/Users/edwardingram/code/ansible/ansible-etc/inventory/homelab.linux.vmware.yaml', '/Users/edwardingram/code/ansible/ansible-etc/inventory/homelab.windowshl.vmware.yaml', '/Users/edwardingram/code/ansible/ansible-etc/inventory/homelab.windowswg.vmware.yaml', '/Users/edwardingram/code/ansible/ansible-etc/inventory/hosts']' (list/Settings file)
2024-05-29T18:33:36.989576+00:00 DEBUG 'ansible_navigator.main' Prior to rollback: inventory_column = 'Not set' (Constants/Not set)
2024-05-29T18:33:36.989588+00:00 DEBUG 'ansible_navigator.main' Prior to rollback: lint_config = 'Not set' (Constants/Not set)
2024-05-29T18:33:36.989602+00:00 DEBUG 'ansible_navigator.main' Prior to rollback: lintables = 'Not set' (Constants/Not set)
2024-05-29T18:33:36.989615+00:00 DEBUG 'ansible_navigator.main' Prior to rollback: log_append = 'True' (bool/Settings file)
2024-05-29T18:33:36.989628+00:00 DEBUG 'ansible_navigator.main' Prior to rollback: log_file = '/tmp/ansible_log.txt' (str/Settings file)
2024-05-29T18:33:36.989641+00:00 DEBUG 'ansible_navigator.main' Prior to rollback: log_level = 'critical' (str/Settings file)
2024-05-29T18:33:36.989654+00:00 DEBUG 'ansible_navigator.main' Prior to rollback: mode = 'stdout' (str/Settings file)
2024-05-29T18:33:36.989666+00:00 DEBUG 'ansible_navigator.main' Prior to rollback: osc4 = 'True' (bool/Defaults)
2024-05-29T18:33:36.989679+00:00 DEBUG 'ansible_navigator.main' Prior to rollback: pass_environment_variable = '['ANSIBLE_HASHI_VAULT_AUTH_METHOD', 'ANSIBLE_HASHI_VAULT_ROLE_ID', 'ANSIBLE_HASHI_VAULT_SECRET_ID', 'ANSIBLE_HASHI_VAULT_ADDR']' (list/Settings file)
2024-05-29T18:33:36.989692+00:00 DEBUG 'ansible_navigator.main' Prior to rollback: playbook = '/Users/edwardingram/code/ansible/collections/ansible_collections/eingram23/homelab/inspect_ee.yaml' (str/Command line)
2024-05-29T18:33:36.989705+00:00 DEBUG 'ansible_navigator.main' Prior to rollback: playbook_artifact_enable = 'False' (bool/Settings file)
2024-05-29T18:33:36.989718+00:00 DEBUG 'ansible_navigator.main' Prior to rollback: playbook_artifact_replay = '/tmp/test_artifact.json' (str/Settings file)
2024-05-29T18:33:36.989730+00:00 DEBUG 'ansible_navigator.main' Prior to rollback: playbook_artifact_save_as = '/tmp/test_artifact.json' (str/Settings file)
2024-05-29T18:33:36.989744+00:00 DEBUG 'ansible_navigator.main' Prior to rollback: plugin_name = 'Not set' (Constants/Not set)
2024-05-29T18:33:36.989758+00:00 DEBUG 'ansible_navigator.main' Prior to rollback: plugin_type = 'module' (str/Defaults)
2024-05-29T18:33:36.989773+00:00 DEBUG 'ansible_navigator.main' Prior to rollback: pull_arguments = 'Not set' (Constants/Not set)
2024-05-29T18:33:36.989786+00:00 DEBUG 'ansible_navigator.main' Prior to rollback: pull_policy = 'never' (str/Settings file)
2024-05-29T18:33:36.989798+00:00 DEBUG 'ansible_navigator.main' Prior to rollback: set_environment_variable = '{'ANSIBLE_COLLECTIONS_PATH': '/usr/share/ansible/collections', 'ANSIBLE_CONFIG': '/tmp/ansible-config/.ansible.cfg'}' (dict/Settings file)
2024-05-29T18:33:36.989811+00:00 DEBUG 'ansible_navigator.main' Prior to rollback: settings_effective = 'False' (bool/Defaults)
2024-05-29T18:33:36.989824+00:00 DEBUG 'ansible_navigator.main' Prior to rollback: settings_sample = 'False' (bool/Defaults)
2024-05-29T18:33:36.989836+00:00 DEBUG 'ansible_navigator.main' Prior to rollback: settings_schema = 'json' (str/Defaults)
2024-05-29T18:33:36.989849+00:00 DEBUG 'ansible_navigator.main' Prior to rollback: settings_sources = 'False' (bool/Defaults)
2024-05-29T18:33:36.989861+00:00 DEBUG 'ansible_navigator.main' Prior to rollback: time_zone = 'UTC' (str/Defaults)
2024-05-29T18:33:36.989873+00:00 DEBUG 'ansible_navigator.main' Prior to rollback: workdir = '/Users/edwardingram/code/ansible/collections/ansible_collections/eingram23/homelab' (str/Defaults)
2024-05-29T18:33:36.989885+00:00 DEBUG 'ansible_navigator.main' After rollback: ansible_runner_artifact_dir = 'Not set' (Constants/Not set)
2024-05-29T18:33:36.989898+00:00 DEBUG 'ansible_navigator.main' After rollback: ansible_runner_rotate_artifacts_count = 'Not set' (Constants/Not set)
2024-05-29T18:33:36.989914+00:00 DEBUG 'ansible_navigator.main' After rollback: ansible_runner_timeout = 'Not set' (Constants/Not set)
2024-05-29T18:33:36.989927+00:00 DEBUG 'ansible_navigator.main' After rollback: ansible_runner_write_job_events = 'Not set' (Constants/Not set)
2024-05-29T18:33:36.989941+00:00 DEBUG 'ansible_navigator.main' After rollback: app = 'Not set' (Constants/Not set)
2024-05-29T18:33:36.989953+00:00 DEBUG 'ansible_navigator.main' After rollback: cmdline = 'Not set' (Constants/Not set)
2024-05-29T18:33:36.989965+00:00 DEBUG 'ansible_navigator.main' After rollback: collection_doc_cache_path = 'Not set' (Constants/Not set)
2024-05-29T18:33:36.989978+00:00 DEBUG 'ansible_navigator.main' After rollback: config = 'Not set' (Constants/Not set)
2024-05-29T18:33:36.989991+00:00 DEBUG 'ansible_navigator.main' After rollback: container_engine = 'Not set' (Constants/Not set)
2024-05-29T18:33:36.990003+00:00 DEBUG 'ansible_navigator.main' After rollback: container_options = 'Not set' (Constants/Not set)
2024-05-29T18:33:36.990015+00:00 DEBUG 'ansible_navigator.main' After rollback: display_color = 'Not set' (Constants/Not set)
2024-05-29T18:33:36.990028+00:00 DEBUG 'ansible_navigator.main' After rollback: editor_command = 'Not set' (Constants/Not set)
2024-05-29T18:33:36.990041+00:00 DEBUG 'ansible_navigator.main' After rollback: editor_console = 'Not set' (Constants/Not set)
2024-05-29T18:33:36.990054+00:00 DEBUG 'ansible_navigator.main' After rollback: enable_prompts = 'Not set' (Constants/Not set)
2024-05-29T18:33:36.990067+00:00 DEBUG 'ansible_navigator.main' After rollback: exec_command = 'Not set' (Constants/Not set)
2024-05-29T18:33:36.990080+00:00 DEBUG 'ansible_navigator.main' After rollback: exec_shell = 'Not set' (Constants/Not set)
2024-05-29T18:33:36.990093+00:00 DEBUG 'ansible_navigator.main' After rollback: execution_environment = 'Not set' (Constants/Not set)
2024-05-29T18:33:36.990105+00:00 DEBUG 'ansible_navigator.main' After rollback: execution_environment_image = 'Not set' (Constants/Not set)
2024-05-29T18:33:36.990117+00:00 DEBUG 'ansible_navigator.main' After rollback: execution_environment_volume_mounts = 'Not set' (Constants/Not set)
2024-05-29T18:33:36.990130+00:00 DEBUG 'ansible_navigator.main' After rollback: format = 'Not set' (Constants/Not set)
2024-05-29T18:33:36.990142+00:00 DEBUG 'ansible_navigator.main' After rollback: help_builder = 'Not set' (Constants/Not set)
2024-05-29T18:33:36.990154+00:00 DEBUG 'ansible_navigator.main' After rollback: help_config = 'Not set' (Constants/Not set)
2024-05-29T18:33:36.990166+00:00 DEBUG 'ansible_navigator.main' After rollback: help_doc = 'Not set' (Constants/Not set)
2024-05-29T18:33:36.990179+00:00 DEBUG 'ansible_navigator.main' After rollback: help_inventory = 'Not set' (Constants/Not set)
2024-05-29T18:33:36.990191+00:00 DEBUG 'ansible_navigator.main' After rollback: help_playbook = 'Not set' (Constants/Not set)
2024-05-29T18:33:36.990204+00:00 DEBUG 'ansible_navigator.main' After rollback: images_details = 'Not set' (Constants/Not set)
2024-05-29T18:33:36.990217+00:00 DEBUG 'ansible_navigator.main' After rollback: inventory = 'Not set' (Constants/Not set)
2024-05-29T18:33:36.990229+00:00 DEBUG 'ansible_navigator.main' After rollback: inventory_column = 'Not set' (Constants/Not set)
2024-05-29T18:33:36.990242+00:00 DEBUG 'ansible_navigator.main' After rollback: lint_config = 'Not set' (Constants/Not set)
2024-05-29T18:33:36.990255+00:00 DEBUG 'ansible_navigator.main' After rollback: lintables = 'Not set' (Constants/Not set)
2024-05-29T18:33:36.990267+00:00 DEBUG 'ansible_navigator.main' After rollback: log_append = 'Not set' (Constants/Not set)
2024-05-29T18:33:36.990279+00:00 DEBUG 'ansible_navigator.main' After rollback: log_file = 'Not set' (Constants/Not set)
2024-05-29T18:33:36.990291+00:00 DEBUG 'ansible_navigator.main' After rollback: log_level = 'Not set' (Constants/Not set)
2024-05-29T18:33:36.990304+00:00 DEBUG 'ansible_navigator.main' After rollback: mode = 'Not set' (Constants/Not set)
2024-05-29T18:33:36.990321+00:00 DEBUG 'ansible_navigator.main' After rollback: osc4 = 'Not set' (Constants/Not set)
2024-05-29T18:33:36.990334+00:00 DEBUG 'ansible_navigator.main' After rollback: pass_environment_variable = 'Not set' (Constants/Not set)
2024-05-29T18:33:36.990347+00:00 DEBUG 'ansible_navigator.main' After rollback: playbook = 'Not set' (Constants/Not set)
2024-05-29T18:33:36.990360+00:00 DEBUG 'ansible_navigator.main' After rollback: playbook_artifact_enable = 'Not set' (Constants/Not set)
2024-05-29T18:33:36.990373+00:00 DEBUG 'ansible_navigator.main' After rollback: playbook_artifact_replay = 'Not set' (Constants/Not set)
2024-05-29T18:33:36.990385+00:00 DEBUG 'ansible_navigator.main' After rollback: playbook_artifact_save_as = 'Not set' (Constants/Not set)
2024-05-29T18:33:36.990398+00:00 DEBUG 'ansible_navigator.main' After rollback: plugin_name = 'Not set' (Constants/Not set)
2024-05-29T18:33:36.990412+00:00 DEBUG 'ansible_navigator.main' After rollback: plugin_type = 'Not set' (Constants/Not set)
2024-05-29T18:33:36.990424+00:00 DEBUG 'ansible_navigator.main' After rollback: pull_arguments = 'Not set' (Constants/Not set)
2024-05-29T18:33:36.990437+00:00 DEBUG 'ansible_navigator.main' After rollback: pull_policy = 'Not set' (Constants/Not set)
2024-05-29T18:33:36.990449+00:00 DEBUG 'ansible_navigator.main' After rollback: set_environment_variable = 'Not set' (Constants/Not set)
2024-05-29T18:33:36.990463+00:00 DEBUG 'ansible_navigator.main' After rollback: settings_effective = 'Not set' (Constants/Not set)
2024-05-29T18:33:36.990477+00:00 DEBUG 'ansible_navigator.main' After rollback: settings_sample = 'Not set' (Constants/Not set)
2024-05-29T18:33:36.990490+00:00 DEBUG 'ansible_navigator.main' After rollback: settings_schema = 'Not set' (Constants/Not set)
2024-05-29T18:33:36.990502+00:00 DEBUG 'ansible_navigator.main' After rollback: settings_sources = 'Not set' (Constants/Not set)
2024-05-29T18:33:36.990514+00:00 DEBUG 'ansible_navigator.main' After rollback: time_zone = 'Not set' (Constants/Not set)
2024-05-29T18:33:36.990530+00:00 DEBUG 'ansible_navigator.main' After rollback: workdir = 'Not set' (Constants/Not set)
2024-05-29T18:33:36.990543+00:00 DEBUG 'ansible_navigator.main' Configuration rollback complete.
2024-05-29T18:33:36.990556+00:00 DEBUG 'ansible_navigator.main' Collection doc cache not mounted
2024-05-29T18:33:36.990573+00:00 WARNING 'ansible_navigator.main' Issues were found while applying the settings.
2024-05-29T18:33:36.990588+00:00 INFO 'ansible_navigator.main' Command provided: 'run inspect_ee.yaml'
2024-05-29T18:33:36.990603+00:00 ERROR 'ansible_navigator.main' The following execution-environment.volume-mounts entry could not be parsed:  {'src': '~/code/ansible/projects/homelab/collections', 'dest': '/usr/share/ansible/collections', 'options': 'Z'} (Settings file). Errors were found: Source: '/Users/edwardingram/code/ansible/projects/homelab/collections' does not exist.
2024-05-29T18:33:36.990617+00:00 INFO 'ansible_navigator.main' The value of execution-environment.volume-mounts should be a list of dictionaries and valid keys are 'src', 'dest' and 'options'.
2024-05-29T18:33:36.990632+00:00 INFO 'ansible_navigator.main' Configuration failed, using default log file location. (/Users/edwardingram/code/ansible/collections/ansible_collections/eingram23/homelab/ansible-navigator.log) Log level set to debug
2024-05-29T18:33:36.990645+00:00 INFO 'ansible_navigator.main' Review the hints and log file to see what went wrong.
2024-05-29T18:35:01.490635+00:00 INFO 'ansible_navigator.setup_logger' New ansible-navigator instance, logging initialized
2024-05-29T18:35:01.491092+00:00 INFO 'ansible_navigator.setup_logger' New ansible-runner instance, logging initialized
2024-05-29T18:35:01.491125+00:00 DEBUG 'ansible_navigator.main' Jinja2==3.1.4 
2024-05-29T18:35:01.491145+00:00 DEBUG 'ansible_navigator.main' MarkupSafe==2.1.5 
2024-05-29T18:35:01.491161+00:00 DEBUG 'ansible_navigator.main' Parsley==1.3 
2024-05-29T18:35:01.491183+00:00 DEBUG 'ansible_navigator.main' PyYAML==6.0.1 
2024-05-29T18:35:01.491198+00:00 DEBUG 'ansible_navigator.main' Pygments==2.18.0 
2024-05-29T18:35:01.491211+00:00 DEBUG 'ansible_navigator.main' altgraph==0.17.2 /Library/Developer/CommandLineTools/Library/Frameworks/Python3.framework/Versions/3.9/lib/python3.9/site-packages/altgraph/__init__.py
2024-05-29T18:35:01.491224+00:00 DEBUG 'ansible_navigator.main' ansible-builder==3.0.1 
2024-05-29T18:35:01.491237+00:00 DEBUG 'ansible_navigator.main' ansible-compat==24.5.1 
2024-05-29T18:35:01.491251+00:00 DEBUG 'ansible_navigator.main' ansible-core==2.15.12 
2024-05-29T18:35:01.491264+00:00 DEBUG 'ansible_navigator.main' ansible-lint==6.22.2 
2024-05-29T18:35:01.491278+00:00 DEBUG 'ansible_navigator.main' ansible-navigator==24.2.0 
2024-05-29T18:35:01.491291+00:00 DEBUG 'ansible_navigator.main' ansible-runner==2.4.0 
2024-05-29T18:35:01.491304+00:00 DEBUG 'ansible_navigator.main' attrs==23.2.0 /Users/edwardingram/Library/Python/3.9/lib/python/site-packages/attrs/__init__.py
2024-05-29T18:35:01.491316+00:00 DEBUG 'ansible_navigator.main' bindep==2.11.0 /Users/edwardingram/Library/Python/3.9/lib/python/site-packages/bindep/__init__.py
2024-05-29T18:35:01.491330+00:00 DEBUG 'ansible_navigator.main' black==24.4.2 /Users/edwardingram/Library/Python/3.9/lib/python/site-packages/black/__init__.cpython-39-darwin.so
2024-05-29T18:35:01.491343+00:00 DEBUG 'ansible_navigator.main' bracex==2.4 /Users/edwardingram/Library/Python/3.9/lib/python/site-packages/bracex/__init__.py
2024-05-29T18:35:01.491355+00:00 DEBUG 'ansible_navigator.main' cffi==1.16.0 /Users/edwardingram/Library/Python/3.9/lib/python/site-packages/cffi/__init__.py
2024-05-29T18:35:01.491368+00:00 DEBUG 'ansible_navigator.main' click==8.1.7 /Users/edwardingram/Library/Python/3.9/lib/python/site-packages/click/__init__.py
2024-05-29T18:35:01.491380+00:00 DEBUG 'ansible_navigator.main' cryptography==42.0.7 /Users/edwardingram/Library/Python/3.9/lib/python/site-packages/cryptography/__init__.py
2024-05-29T18:35:01.491392+00:00 DEBUG 'ansible_navigator.main' distro==1.9.0 /Users/edwardingram/Library/Python/3.9/lib/python/site-packages/distro/__init__.py
2024-05-29T18:35:01.491404+00:00 DEBUG 'ansible_navigator.main' docutils==0.21.2 /Users/edwardingram/Library/Python/3.9/lib/python/site-packages/docutils/__init__.py
2024-05-29T18:35:01.491417+00:00 DEBUG 'ansible_navigator.main' filelock==3.14.0 /Users/edwardingram/Library/Python/3.9/lib/python/site-packages/filelock/__init__.py
2024-05-29T18:35:01.491429+00:00 DEBUG 'ansible_navigator.main' future==0.18.2 /Library/Developer/CommandLineTools/Library/Frameworks/Python3.framework/Versions/3.9/lib/python3.9/site-packages/future/__init__.py
2024-05-29T18:35:01.491441+00:00 DEBUG 'ansible_navigator.main' importlib-metadata==6.2.1 
2024-05-29T18:35:01.491453+00:00 DEBUG 'ansible_navigator.main' importlib-resources==5.0.7 
2024-05-29T18:35:01.491465+00:00 DEBUG 'ansible_navigator.main' jsonschema-specifications==2023.12.1 
2024-05-29T18:35:01.491478+00:00 DEBUG 'ansible_navigator.main' jsonschema==4.22.0 /Users/edwardingram/Library/Python/3.9/lib/python/site-packages/jsonschema/__init__.py
2024-05-29T18:35:01.491491+00:00 DEBUG 'ansible_navigator.main' lockfile==0.12.2 /Users/edwardingram/Library/Python/3.9/lib/python/site-packages/lockfile/__init__.py
2024-05-29T18:35:01.491502+00:00 DEBUG 'ansible_navigator.main' macholib==1.15.2 /Library/Developer/CommandLineTools/Library/Frameworks/Python3.framework/Versions/3.9/lib/python3.9/site-packages/macholib/__init__.py
2024-05-29T18:35:01.491515+00:00 DEBUG 'ansible_navigator.main' markdown-it-py==3.0.0 
2024-05-29T18:35:01.491528+00:00 DEBUG 'ansible_navigator.main' mdurl==0.1.2 /Users/edwardingram/Library/Python/3.9/lib/python/site-packages/mdurl/__init__.py
2024-05-29T18:35:01.491539+00:00 DEBUG 'ansible_navigator.main' mypy-extensions==1.0.0 
2024-05-29T18:35:01.491551+00:00 DEBUG 'ansible_navigator.main' onigurumacffi==1.3.0 /Users/edwardingram/Library/Python/3.9/lib/python/site-packages/onigurumacffi.py
2024-05-29T18:35:01.491567+00:00 DEBUG 'ansible_navigator.main' packaging==24.0 /Users/edwardingram/Library/Python/3.9/lib/python/site-packages/packaging/__init__.py
2024-05-29T18:35:01.491579+00:00 DEBUG 'ansible_navigator.main' pathspec==0.12.1 /Users/edwardingram/Library/Python/3.9/lib/python/site-packages/pathspec/__init__.py
2024-05-29T18:35:01.491591+00:00 DEBUG 'ansible_navigator.main' pbr==6.0.0 /Users/edwardingram/Library/Python/3.9/lib/python/site-packages/pbr/__init__.py
2024-05-29T18:35:01.491602+00:00 DEBUG 'ansible_navigator.main' pexpect==4.9.0 /Users/edwardingram/Library/Python/3.9/lib/python/site-packages/pexpect/__init__.py
2024-05-29T18:35:01.491614+00:00 DEBUG 'ansible_navigator.main' pip==24.0 /Users/edwardingram/Library/Python/3.9/lib/python/site-packages/pip/__init__.py
2024-05-29T18:35:01.491625+00:00 DEBUG 'ansible_navigator.main' platformdirs==4.2.2 /Users/edwardingram/Library/Python/3.9/lib/python/site-packages/platformdirs/__init__.py
2024-05-29T18:35:01.491637+00:00 DEBUG 'ansible_navigator.main' ptyprocess==0.7.0 /Users/edwardingram/Library/Python/3.9/lib/python/site-packages/ptyprocess/__init__.py
2024-05-29T18:35:01.491648+00:00 DEBUG 'ansible_navigator.main' pycparser==2.22 /Users/edwardingram/Library/Python/3.9/lib/python/site-packages/pycparser/__init__.py
2024-05-29T18:35:01.491659+00:00 DEBUG 'ansible_navigator.main' python-daemon==3.0.1 
2024-05-29T18:35:01.491671+00:00 DEBUG 'ansible_navigator.main' referencing==0.35.1 /Users/edwardingram/Library/Python/3.9/lib/python/site-packages/referencing/__init__.py
2024-05-29T18:35:01.491682+00:00 DEBUG 'ansible_navigator.main' requirements-parser==0.9.0 
2024-05-29T18:35:01.491694+00:00 DEBUG 'ansible_navigator.main' resolvelib==1.0.1 /Users/edwardingram/Library/Python/3.9/lib/python/site-packages/resolvelib/__init__.py
2024-05-29T18:35:01.491705+00:00 DEBUG 'ansible_navigator.main' rich==13.7.1 /Users/edwardingram/Library/Python/3.9/lib/python/site-packages/rich/__init__.py
2024-05-29T18:35:01.491717+00:00 DEBUG 'ansible_navigator.main' rpds-py==0.18.1 
2024-05-29T18:35:01.491728+00:00 DEBUG 'ansible_navigator.main' ruamel.yaml.clib==0.2.8 
2024-05-29T18:35:01.491740+00:00 DEBUG 'ansible_navigator.main' ruamel.yaml==0.18.6 /Users/edwardingram/Library/Python/3.9/lib/python/site-packages/ruamel/yaml/__init__.py
2024-05-29T18:35:01.491751+00:00 DEBUG 'ansible_navigator.main' setuptools==70.0.0 /Users/edwardingram/Library/Python/3.9/lib/python/site-packages/setuptools/__init__.py
2024-05-29T18:35:01.491762+00:00 DEBUG 'ansible_navigator.main' six==1.15.0 /Library/Developer/CommandLineTools/Library/Frameworks/Python3.framework/Versions/3.9/lib/python3.9/site-packages/six.py
2024-05-29T18:35:01.491774+00:00 DEBUG 'ansible_navigator.main' subprocess-tee==0.4.1 
2024-05-29T18:35:01.491786+00:00 DEBUG 'ansible_navigator.main' tomli==2.0.1 /Users/edwardingram/Library/Python/3.9/lib/python/site-packages/tomli/__init__.py
2024-05-29T18:35:01.491797+00:00 DEBUG 'ansible_navigator.main' types-setuptools==70.0.0.20240524 
2024-05-29T18:35:01.491808+00:00 DEBUG 'ansible_navigator.main' typing_extensions==4.12.0 /Users/edwardingram/Library/Python/3.9/lib/python/site-packages/typing_extensions.py
2024-05-29T18:35:01.491820+00:00 DEBUG 'ansible_navigator.main' tzdata==2024.1 /Users/edwardingram/Library/Python/3.9/lib/python/site-packages/tzdata/__init__.py
2024-05-29T18:35:01.491831+00:00 DEBUG 'ansible_navigator.main' wcmatch==8.5.2 /Users/edwardingram/Library/Python/3.9/lib/python/site-packages/wcmatch/__init__.py
2024-05-29T18:35:01.491842+00:00 DEBUG 'ansible_navigator.main' wheel==0.37.0 /Library/Developer/CommandLineTools/Library/Frameworks/Python3.framework/Versions/3.9/lib/python3.9/site-packages/wheel/__init__.py
2024-05-29T18:35:01.491854+00:00 DEBUG 'ansible_navigator.main' yamllint==1.35.1 /Users/edwardingram/Library/Python/3.9/lib/python/site-packages/yamllint/__init__.py
2024-05-29T18:35:01.491865+00:00 DEBUG 'ansible_navigator.main' zipp==3.18.2 /Users/edwardingram/Library/Python/3.9/lib/python/site-packages/zipp/__init__.py
2024-05-29T18:35:01.491880+00:00 DEBUG 'ansible_navigator.main' Default collection_doc_cache_path set to: /Users/edwardingram/.cache/ansible-navigator/collection_doc_cache.db
2024-05-29T18:35:01.491892+00:00 DEBUG 'ansible_navigator.main' EDITOR environment variable not set
2024-05-29T18:35:01.491904+00:00 DEBUG 'ansible_navigator.main' Default editor_command set to: vi +{line_number} {filename}
2024-05-29T18:35:01.491915+00:00 DEBUG 'ansible_navigator.main' No config file set by ANSIBLE_NAVIGATOR_CONFIG
2024-05-29T18:35:01.491927+00:00 DEBUG 'ansible_navigator.main' Looking in /Users/edwardingram
2024-05-29T18:35:01.491938+00:00 DEBUG 'ansible_navigator.main' Looking for '/Users/edwardingram/.ansible-navigator.yml', '/Users/edwardingram/.ansible-navigator.yaml' and '/Users/edwardingram/.ansible-navigator.json'
2024-05-29T18:35:01.491950+00:00 DEBUG 'ansible_navigator.main' Found 1: '/Users/edwardingram/.ansible-navigator.yml'
2024-05-29T18:35:01.491961+00:00 DEBUG 'ansible_navigator.main' Looking in /Users/edwardingram/code/ansible/collections/ansible_collections/eingram23/homelab
2024-05-29T18:35:01.491973+00:00 DEBUG 'ansible_navigator.main' Looking for '/Users/edwardingram/code/ansible/collections/ansible_collections/eingram23/homelab/ansible-navigator.yml', '/Users/edwardingram/code/ansible/collections/ansible_collections/eingram23/homelab/ansible-navigator.yaml' and '/Users/edwardingram/code/ansible/collections/ansible_collections/eingram23/homelab/ansible-navigator.json'
2024-05-29T18:35:01.491984+00:00 DEBUG 'ansible_navigator.main' Found 0: 
2024-05-29T18:35:01.491996+00:00 DEBUG 'ansible_navigator.main' All found 1: '/Users/edwardingram/.ansible-navigator.yml'
2024-05-29T18:35:01.492007+00:00 DEBUG 'ansible_navigator.main' Using: /Users/edwardingram/.ansible-navigator.yml
2024-05-29T18:35:01.492019+00:00 DEBUG 'ansible_navigator.main' Using settings file at /Users/edwardingram/.ansible-navigator.yml in search path
2024-05-29T18:35:01.492030+00:00 DEBUG 'ansible_navigator.main' Command provided: 'run inspect_ee.yaml'
2024-05-29T18:35:01.492042+00:00 DEBUG 'ansible_navigator.main' ansible-navigator.ansible-runner.artifact-dir not found in settings file
2024-05-29T18:35:01.492053+00:00 DEBUG 'ansible_navigator.main' ansible-navigator.ansible-runner.rotate-artifacts-count not found in settings file
2024-05-29T18:35:01.492065+00:00 DEBUG 'ansible_navigator.main' ansible-navigator.ansible-runner.timeout not found in settings file
2024-05-29T18:35:01.492076+00:00 DEBUG 'ansible_navigator.main' ansible-navigator.ansible-runner.job-events not found in settings file
2024-05-29T18:35:01.492088+00:00 DEBUG 'ansible_navigator.main' ansible-navigator.app not found in settings file
2024-05-29T18:35:01.492099+00:00 DEBUG 'ansible_navigator.main' ansible-navigator.ansible.cmdline not found in settings file
2024-05-29T18:35:01.492110+00:00 DEBUG 'ansible_navigator.main' ansible-navigator.collection-doc-cache-path not found in settings file
2024-05-29T18:35:01.492122+00:00 DEBUG 'ansible_navigator.main' ansible-navigator.ansible.config.path not found in settings file
2024-05-29T18:35:01.492133+00:00 DEBUG 'ansible_navigator.main' ansible-navigator.color.enable not found in settings file
2024-05-29T18:35:01.492145+00:00 DEBUG 'ansible_navigator.main' ansible-navigator.editor.command not found in settings file
2024-05-29T18:35:01.492156+00:00 DEBUG 'ansible_navigator.main' ansible-navigator.editor.console not found in settings file
2024-05-29T18:35:01.492168+00:00 DEBUG 'ansible_navigator.main' ansible-navigator.enable-prompts not found in settings file
2024-05-29T18:35:01.492179+00:00 DEBUG 'ansible_navigator.main' ansible-navigator.exec.command not found in settings file
2024-05-29T18:35:01.492190+00:00 DEBUG 'ansible_navigator.main' ansible-navigator.exec.shell not found in settings file
2024-05-29T18:35:01.492202+00:00 DEBUG 'ansible_navigator.main' ansible-navigator.format not found in settings file
2024-05-29T18:35:01.492213+00:00 DEBUG 'ansible_navigator.main' ansible-navigator.ansible-builder.help not found in settings file
2024-05-29T18:35:01.492232+00:00 DEBUG 'ansible_navigator.main' ansible-navigator.ansible.doc.help not found in settings file
2024-05-29T18:35:01.492244+00:00 DEBUG 'ansible_navigator.main' ansible-navigator.ansible.playbook.help not found in settings file
2024-05-29T18:35:01.492256+00:00 DEBUG 'ansible_navigator.main' ansible-navigator.images.details not found in settings file
2024-05-29T18:35:01.492267+00:00 DEBUG 'ansible_navigator.main' ansible-navigator.inventory-columns not found in settings file
2024-05-29T18:35:01.492278+00:00 DEBUG 'ansible_navigator.main' ansible-navigator.ansible-lint.config not found in settings file
2024-05-29T18:35:01.492290+00:00 DEBUG 'ansible_navigator.main' ansible-navigator.ansible-lint.lintables not found in settings file
2024-05-29T18:35:01.492301+00:00 DEBUG 'ansible_navigator.main' ansible-navigator.color.osc4 not found in settings file
2024-05-29T18:35:01.492313+00:00 DEBUG 'ansible_navigator.main' ansible-navigator.ansible.playbook.path not found in settings file
2024-05-29T18:35:01.492324+00:00 DEBUG 'ansible_navigator.main' ansible-navigator.ansible.doc.plugin.name not found in settings file
2024-05-29T18:35:01.492335+00:00 DEBUG 'ansible_navigator.main' ansible-navigator.ansible.doc.plugin.type not found in settings file
2024-05-29T18:35:01.492347+00:00 DEBUG 'ansible_navigator.main' ansible-navigator.execution-environment.pull.arguments not found in settings file
2024-05-29T18:35:01.492358+00:00 DEBUG 'ansible_navigator.main' ansible-navigator.settings.effective not found in settings file
2024-05-29T18:35:01.492369+00:00 DEBUG 'ansible_navigator.main' ansible-navigator.settings.sample not found in settings file
2024-05-29T18:35:01.492381+00:00 DEBUG 'ansible_navigator.main' ansible-navigator.settings.schema not found in settings file
2024-05-29T18:35:01.492392+00:00 DEBUG 'ansible_navigator.main' ansible-navigator.settings.sources not found in settings file
2024-05-29T18:35:01.492404+00:00 DEBUG 'ansible_navigator.main' ansible-navigator.time-zone not found in settings file
2024-05-29T18:35:01.492415+00:00 DEBUG 'ansible_navigator.main' ansible-navigator.ansible-builder.workdir not found in settings file
2024-05-29T18:35:01.492426+00:00 DEBUG 'ansible_navigator.main' EE support enabled: using current working directory for 'ansible.cfg'
2024-05-29T18:35:01.492438+00:00 INFO 'ansible_navigator.main' EE support enabled: found 'ansible.cfg' in current working directory.
2024-05-29T18:35:01.492449+00:00 DEBUG 'ansible_navigator.main' Completed post processing for ansible_runner_artifact_dir. (changed=False)
2024-05-29T18:35:01.492460+00:00 DEBUG 'ansible_navigator.main' Completed post processing for ansible_runner_rotate_artifacts_count. (changed=False)
2024-05-29T18:35:01.492472+00:00 DEBUG 'ansible_navigator.main' Completed post processing for ansible_runner_timeout. (changed=False)
2024-05-29T18:35:01.492483+00:00 DEBUG 'ansible_navigator.main' Completed post processing for cmdline. (changed=False)
2024-05-29T18:35:01.492494+00:00 DEBUG 'ansible_navigator.main' Completed post processing for collection_doc_cache_path. (changed=False)
2024-05-29T18:35:01.492506+00:00 DEBUG 'ansible_navigator.main' Completed post processing for container_engine. (changed=False)
2024-05-29T18:35:01.492517+00:00 DEBUG 'ansible_navigator.main' Completed post processing for container_options. (changed=False)
2024-05-29T18:35:01.492528+00:00 DEBUG 'ansible_navigator.main' Completed post processing for display_color. (changed=False)
2024-05-29T18:35:01.492540+00:00 DEBUG 'ansible_navigator.main' Completed post processing for enable_prompts. (changed=False)
2024-05-29T18:35:01.492551+00:00 DEBUG 'ansible_navigator.main' Completed post processing for execution_environment. (changed=False)
2024-05-29T18:35:01.492563+00:00 DEBUG 'ansible_navigator.main' Completed post processing for execution_environment_image. (changed=False)
2024-05-29T18:35:01.492574+00:00 DEBUG 'ansible_navigator.main' Completed post processing for help_builder. (changed=False)
2024-05-29T18:35:01.492585+00:00 DEBUG 'ansible_navigator.main' Completed post processing for help_config. (changed=False)
2024-05-29T18:35:01.492600+00:00 DEBUG 'ansible_navigator.main' Completed post processing for help_doc. (changed=False)
2024-05-29T18:35:01.492611+00:00 DEBUG 'ansible_navigator.main' Completed post processing for help_inventory. (changed=False)
2024-05-29T18:35:01.492623+00:00 DEBUG 'ansible_navigator.main' Completed post processing for help_playbook. (changed=False)
2024-05-29T18:35:01.492634+00:00 DEBUG 'ansible_navigator.main' Completed post processing for images_details. (changed=False)
2024-05-29T18:35:01.492645+00:00 DEBUG 'ansible_navigator.main' Completed post processing for inventory. (changed=True)
2024-05-29T18:35:01.492657+00:00 DEBUG 'ansible_navigator.main'  before: '['~/code/ansible/ansible-etc/inventory/homelab.linux.vmware.yaml', '~/code/ansible/ansible-etc/inventory/homelab.windowshl.vmware.yaml', '~/code/ansible/ansible-etc/inventory/homelab.windowswg.vmware.yaml', '~/code/ansible/ansible-etc/inventory/hosts']'
2024-05-29T18:35:01.492669+00:00 DEBUG 'ansible_navigator.main'  after: '['/Users/edwardingram/code/ansible/ansible-etc/inventory/homelab.linux.vmware.yaml', '/Users/edwardingram/code/ansible/ansible-etc/inventory/homelab.windowshl.vmware.yaml', '/Users/edwardingram/code/ansible/ansible-etc/inventory/homelab.windowswg.vmware.yaml', '/Users/edwardingram/code/ansible/ansible-etc/inventory/hosts']'
2024-05-29T18:35:01.492680+00:00 DEBUG 'ansible_navigator.main' Completed post processing for inventory_column. (changed=False)
2024-05-29T18:35:01.492691+00:00 DEBUG 'ansible_navigator.main' Completed post processing for log_file. (changed=False)
2024-05-29T18:35:01.492703+00:00 DEBUG 'ansible_navigator.main' Completed post processing for pass_environment_variable. (changed=False)
2024-05-29T18:35:01.492714+00:00 DEBUG 'ansible_navigator.main' Completed post processing for playbook. (changed=True)
2024-05-29T18:35:01.492725+00:00 DEBUG 'ansible_navigator.main'  before: 'inspect_ee.yaml'
2024-05-29T18:35:01.492737+00:00 DEBUG 'ansible_navigator.main'  after: '/Users/edwardingram/code/ansible/collections/ansible_collections/eingram23/homelab/inspect_ee.yaml'
2024-05-29T18:35:01.492748+00:00 DEBUG 'ansible_navigator.main' Completed post processing for playbook_artifact_replay. (changed=False)
2024-05-29T18:35:01.492759+00:00 DEBUG 'ansible_navigator.main' Completed post processing for playbook_artifact_save_as. (changed=False)
2024-05-29T18:35:01.492771+00:00 DEBUG 'ansible_navigator.main' Completed post processing for plugin_name. (changed=False)
2024-05-29T18:35:01.492782+00:00 DEBUG 'ansible_navigator.main' Completed post processing for pull_arguments. (changed=False)
2024-05-29T18:35:01.492793+00:00 DEBUG 'ansible_navigator.main' Completed post processing for set_environment_variable. (changed=False)
2024-05-29T18:35:01.492804+00:00 DEBUG 'ansible_navigator.main' Completed post processing for settings_effective. (changed=False)
2024-05-29T18:35:01.492816+00:00 DEBUG 'ansible_navigator.main' Completed post processing for settings_sample. (changed=False)
2024-05-29T18:35:01.492827+00:00 DEBUG 'ansible_navigator.main' Completed post processing for settings_schema. (changed=False)
2024-05-29T18:35:01.492838+00:00 DEBUG 'ansible_navigator.main' Completed post processing for settings_sources. (changed=False)
2024-05-29T18:35:01.492850+00:00 DEBUG 'ansible_navigator.main' Completed post processing for time_zone. (changed=False)
2024-05-29T18:35:01.492861+00:00 DEBUG 'ansible_navigator.main' Completed post processing for execution_environment_volume_mounts. (changed=False)
2024-05-29T18:35:01.492873+00:00 DEBUG 'ansible_navigator.main' Completed post processing for mode. (changed=False)
2024-05-29T18:35:01.492884+00:00 DEBUG 'ansible_navigator.main' Completed post processing for playbook_artifact_enable. (changed=False)
2024-05-29T18:35:01.492896+00:00 WARNING 'ansible_navigator.main' Configuration errors encountered, rolling back to previous configuration.
2024-05-29T18:35:01.492908+00:00 DEBUG 'ansible_navigator.main' Prior to rollback: ansible_runner_artifact_dir = 'Not set' (Constants/Not set)
2024-05-29T18:35:01.492923+00:00 DEBUG 'ansible_navigator.main' Prior to rollback: ansible_runner_rotate_artifacts_count = 'Not set' (Constants/Not set)
2024-05-29T18:35:01.492934+00:00 DEBUG 'ansible_navigator.main' Prior to rollback: ansible_runner_timeout = 'Not set' (Constants/Not set)
2024-05-29T18:35:01.492946+00:00 DEBUG 'ansible_navigator.main' Prior to rollback: ansible_runner_write_job_events = 'False' (bool/Defaults)
2024-05-29T18:35:01.492957+00:00 DEBUG 'ansible_navigator.main' Prior to rollback: app = 'run' (str/Command line)
2024-05-29T18:35:01.492968+00:00 DEBUG 'ansible_navigator.main' Prior to rollback: cmdline = 'Not set' (Constants/Not set)
2024-05-29T18:35:01.492980+00:00 DEBUG 'ansible_navigator.main' Prior to rollback: collection_doc_cache_path = '/Users/edwardingram/.cache/ansible-navigator/collection_doc_cache.db' (str/Defaults)
2024-05-29T18:35:01.492991+00:00 DEBUG 'ansible_navigator.main' Prior to rollback: config = '/Users/edwardingram/code/ansible/etc/.ansible.cfg' (str/Environment variable)
2024-05-29T18:35:01.493003+00:00 DEBUG 'ansible_navigator.main' Prior to rollback: container_engine = 'podman' (str/Settings file)
2024-05-29T18:35:01.493014+00:00 DEBUG 'ansible_navigator.main' Prior to rollback: container_options = '['--net=host']' (list/Settings file)
2024-05-29T18:35:01.493025+00:00 DEBUG 'ansible_navigator.main' Prior to rollback: display_color = 'True' (bool/Defaults)
2024-05-29T18:35:01.493037+00:00 DEBUG 'ansible_navigator.main' Prior to rollback: editor_command = 'vi +{line_number} {filename}' (str/Defaults)
2024-05-29T18:35:01.493048+00:00 DEBUG 'ansible_navigator.main' Prior to rollback: editor_console = 'True' (bool/Defaults)
2024-05-29T18:35:01.493059+00:00 DEBUG 'ansible_navigator.main' Prior to rollback: enable_prompts = 'False' (bool/Defaults)
2024-05-29T18:35:01.493071+00:00 DEBUG 'ansible_navigator.main' Prior to rollback: exec_command = '/bin/bash' (str/Defaults)
2024-05-29T18:35:01.493082+00:00 DEBUG 'ansible_navigator.main' Prior to rollback: exec_shell = 'True' (bool/Defaults)
2024-05-29T18:35:01.493093+00:00 DEBUG 'ansible_navigator.main' Prior to rollback: execution_environment = 'True' (bool/Settings file)
2024-05-29T18:35:01.493105+00:00 DEBUG 'ansible_navigator.main' Prior to rollback: execution_environment_image = 'localhost/homelab_awx_v4:1.2' (str/Settings file)
2024-05-29T18:35:01.493116+00:00 DEBUG 'ansible_navigator.main' Prior to rollback: execution_environment_volume_mounts = '[{'src': '~/code/ansible/projects/homelab/collections', 'dest': '/usr/share/ansible/collections', 'options': 'Z'}, {'src': '~/code/ansible/ansible-etc/config', 'dest': '/tmp/ansible-config', 'options': 'Z'}]' (list/Settings file)
2024-05-29T18:35:01.493133+00:00 DEBUG 'ansible_navigator.main' Prior to rollback: format = 'yaml' (str/Defaults)
2024-05-29T18:35:01.493144+00:00 DEBUG 'ansible_navigator.main' Prior to rollback: help_builder = 'False' (bool/Defaults)
2024-05-29T18:35:01.493155+00:00 DEBUG 'ansible_navigator.main' Prior to rollback: help_config = 'False' (bool/Settings file)
2024-05-29T18:35:01.493167+00:00 DEBUG 'ansible_navigator.main' Prior to rollback: help_doc = 'False' (bool/Defaults)
2024-05-29T18:35:01.493178+00:00 DEBUG 'ansible_navigator.main' Prior to rollback: help_inventory = 'False' (bool/Settings file)
2024-05-29T18:35:01.493189+00:00 DEBUG 'ansible_navigator.main' Prior to rollback: help_playbook = 'False' (bool/Defaults)
2024-05-29T18:35:01.493201+00:00 DEBUG 'ansible_navigator.main' Prior to rollback: images_details = '['everything']' (list/Defaults)
2024-05-29T18:35:01.493212+00:00 DEBUG 'ansible_navigator.main' Prior to rollback: inventory = '['/Users/edwardingram/code/ansible/ansible-etc/inventory/homelab.linux.vmware.yaml', '/Users/edwardingram/code/ansible/ansible-etc/inventory/homelab.windowshl.vmware.yaml', '/Users/edwardingram/code/ansible/ansible-etc/inventory/homelab.windowswg.vmware.yaml', '/Users/edwardingram/code/ansible/ansible-etc/inventory/hosts']' (list/Settings file)
2024-05-29T18:35:01.493223+00:00 DEBUG 'ansible_navigator.main' Prior to rollback: inventory_column = 'Not set' (Constants/Not set)
2024-05-29T18:35:01.493238+00:00 DEBUG 'ansible_navigator.main' Prior to rollback: lint_config = 'Not set' (Constants/Not set)
2024-05-29T18:35:01.493249+00:00 DEBUG 'ansible_navigator.main' Prior to rollback: lintables = 'Not set' (Constants/Not set)
2024-05-29T18:35:01.493261+00:00 DEBUG 'ansible_navigator.main' Prior to rollback: log_append = 'True' (bool/Settings file)
2024-05-29T18:35:01.493272+00:00 DEBUG 'ansible_navigator.main' Prior to rollback: log_file = '/tmp/ansible_log.txt' (str/Settings file)
2024-05-29T18:35:01.493283+00:00 DEBUG 'ansible_navigator.main' Prior to rollback: log_level = 'critical' (str/Settings file)
2024-05-29T18:35:01.493294+00:00 DEBUG 'ansible_navigator.main' Prior to rollback: mode = 'stdout' (str/Settings file)
2024-05-29T18:35:01.493306+00:00 DEBUG 'ansible_navigator.main' Prior to rollback: osc4 = 'True' (bool/Defaults)
2024-05-29T18:35:01.493317+00:00 DEBUG 'ansible_navigator.main' Prior to rollback: pass_environment_variable = '['ANSIBLE_HASHI_VAULT_AUTH_METHOD', 'ANSIBLE_HASHI_VAULT_ROLE_ID', 'ANSIBLE_HASHI_VAULT_SECRET_ID', 'ANSIBLE_HASHI_VAULT_ADDR']' (list/Settings file)
2024-05-29T18:35:01.493328+00:00 DEBUG 'ansible_navigator.main' Prior to rollback: playbook = '/Users/edwardingram/code/ansible/collections/ansible_collections/eingram23/homelab/inspect_ee.yaml' (str/Command line)
2024-05-29T18:35:01.493340+00:00 DEBUG 'ansible_navigator.main' Prior to rollback: playbook_artifact_enable = 'False' (bool/Settings file)
2024-05-29T18:35:01.493351+00:00 DEBUG 'ansible_navigator.main' Prior to rollback: playbook_artifact_replay = '/tmp/test_artifact.json' (str/Settings file)
2024-05-29T18:35:01.493363+00:00 DEBUG 'ansible_navigator.main' Prior to rollback: playbook_artifact_save_as = '/tmp/test_artifact.json' (str/Settings file)
2024-05-29T18:35:01.493374+00:00 DEBUG 'ansible_navigator.main' Prior to rollback: plugin_name = 'Not set' (Constants/Not set)
2024-05-29T18:35:01.493385+00:00 DEBUG 'ansible_navigator.main' Prior to rollback: plugin_type = 'module' (str/Defaults)
2024-05-29T18:35:01.493397+00:00 DEBUG 'ansible_navigator.main' Prior to rollback: pull_arguments = 'Not set' (Constants/Not set)
2024-05-29T18:35:01.493408+00:00 DEBUG 'ansible_navigator.main' Prior to rollback: pull_policy = 'never' (str/Settings file)
2024-05-29T18:35:01.493420+00:00 DEBUG 'ansible_navigator.main' Prior to rollback: set_environment_variable = '{'ANSIBLE_COLLECTIONS_PATH': '/usr/share/ansible/collections', 'ANSIBLE_CONFIG': '/tmp/ansible-config/.ansible.cfg'}' (dict/Settings file)
2024-05-29T18:35:01.493431+00:00 DEBUG 'ansible_navigator.main' Prior to rollback: settings_effective = 'False' (bool/Defaults)
2024-05-29T18:35:01.493443+00:00 DEBUG 'ansible_navigator.main' Prior to rollback: settings_sample = 'False' (bool/Defaults)
2024-05-29T18:35:01.493454+00:00 DEBUG 'ansible_navigator.main' Prior to rollback: settings_schema = 'json' (str/Defaults)
2024-05-29T18:35:01.493465+00:00 DEBUG 'ansible_navigator.main' Prior to rollback: settings_sources = 'False' (bool/Defaults)
2024-05-29T18:35:01.493477+00:00 DEBUG 'ansible_navigator.main' Prior to rollback: time_zone = 'UTC' (str/Defaults)
2024-05-29T18:35:01.493488+00:00 DEBUG 'ansible_navigator.main' Prior to rollback: workdir = '/Users/edwardingram/code/ansible/collections/ansible_collections/eingram23/homelab' (str/Defaults)
2024-05-29T18:35:01.493499+00:00 DEBUG 'ansible_navigator.main' After rollback: ansible_runner_artifact_dir = 'Not set' (Constants/Not set)
2024-05-29T18:35:01.493511+00:00 DEBUG 'ansible_navigator.main' After rollback: ansible_runner_rotate_artifacts_count = 'Not set' (Constants/Not set)
2024-05-29T18:35:01.493522+00:00 DEBUG 'ansible_navigator.main' After rollback: ansible_runner_timeout = 'Not set' (Constants/Not set)
2024-05-29T18:35:01.493534+00:00 DEBUG 'ansible_navigator.main' After rollback: ansible_runner_write_job_events = 'Not set' (Constants/Not set)
2024-05-29T18:35:01.493545+00:00 DEBUG 'ansible_navigator.main' After rollback: app = 'Not set' (Constants/Not set)
2024-05-29T18:35:01.493563+00:00 DEBUG 'ansible_navigator.main' After rollback: cmdline = 'Not set' (Constants/Not set)
2024-05-29T18:35:01.493575+00:00 DEBUG 'ansible_navigator.main' After rollback: collection_doc_cache_path = 'Not set' (Constants/Not set)
2024-05-29T18:35:01.493586+00:00 DEBUG 'ansible_navigator.main' After rollback: config = 'Not set' (Constants/Not set)
2024-05-29T18:35:01.493598+00:00 DEBUG 'ansible_navigator.main' After rollback: container_engine = 'Not set' (Constants/Not set)
2024-05-29T18:35:01.493609+00:00 DEBUG 'ansible_navigator.main' After rollback: container_options = 'Not set' (Constants/Not set)
2024-05-29T18:35:01.493620+00:00 DEBUG 'ansible_navigator.main' After rollback: display_color = 'Not set' (Constants/Not set)
2024-05-29T18:35:01.493632+00:00 DEBUG 'ansible_navigator.main' After rollback: editor_command = 'Not set' (Constants/Not set)
2024-05-29T18:35:01.493643+00:00 DEBUG 'ansible_navigator.main' After rollback: editor_console = 'Not set' (Constants/Not set)
2024-05-29T18:35:01.493654+00:00 DEBUG 'ansible_navigator.main' After rollback: enable_prompts = 'Not set' (Constants/Not set)
2024-05-29T18:35:01.493666+00:00 DEBUG 'ansible_navigator.main' After rollback: exec_command = 'Not set' (Constants/Not set)
2024-05-29T18:35:01.493677+00:00 DEBUG 'ansible_navigator.main' After rollback: exec_shell = 'Not set' (Constants/Not set)
2024-05-29T18:35:01.493688+00:00 DEBUG 'ansible_navigator.main' After rollback: execution_environment = 'Not set' (Constants/Not set)
2024-05-29T18:35:01.493699+00:00 DEBUG 'ansible_navigator.main' After rollback: execution_environment_image = 'Not set' (Constants/Not set)
2024-05-29T18:35:01.493711+00:00 DEBUG 'ansible_navigator.main' After rollback: execution_environment_volume_mounts = 'Not set' (Constants/Not set)
2024-05-29T18:35:01.493722+00:00 DEBUG 'ansible_navigator.main' After rollback: format = 'Not set' (Constants/Not set)
2024-05-29T18:35:01.493733+00:00 DEBUG 'ansible_navigator.main' After rollback: help_builder = 'Not set' (Constants/Not set)
2024-05-29T18:35:01.493745+00:00 DEBUG 'ansible_navigator.main' After rollback: help_config = 'Not set' (Constants/Not set)
2024-05-29T18:35:01.493756+00:00 DEBUG 'ansible_navigator.main' After rollback: help_doc = 'Not set' (Constants/Not set)
2024-05-29T18:35:01.493767+00:00 DEBUG 'ansible_navigator.main' After rollback: help_inventory = 'Not set' (Constants/Not set)
2024-05-29T18:35:01.493778+00:00 DEBUG 'ansible_navigator.main' After rollback: help_playbook = 'Not set' (Constants/Not set)
2024-05-29T18:35:01.493790+00:00 DEBUG 'ansible_navigator.main' After rollback: images_details = 'Not set' (Constants/Not set)
2024-05-29T18:35:01.493801+00:00 DEBUG 'ansible_navigator.main' After rollback: inventory = 'Not set' (Constants/Not set)
2024-05-29T18:35:01.493812+00:00 DEBUG 'ansible_navigator.main' After rollback: inventory_column = 'Not set' (Constants/Not set)
2024-05-29T18:35:01.493824+00:00 DEBUG 'ansible_navigator.main' After rollback: lint_config = 'Not set' (Constants/Not set)
2024-05-29T18:35:01.493835+00:00 DEBUG 'ansible_navigator.main' After rollback: lintables = 'Not set' (Constants/Not set)
2024-05-29T18:35:01.493846+00:00 DEBUG 'ansible_navigator.main' After rollback: log_append = 'Not set' (Constants/Not set)
2024-05-29T18:35:01.493857+00:00 DEBUG 'ansible_navigator.main' After rollback: log_file = 'Not set' (Constants/Not set)
2024-05-29T18:35:01.493868+00:00 DEBUG 'ansible_navigator.main' After rollback: log_level = 'Not set' (Constants/Not set)
2024-05-29T18:35:01.493880+00:00 DEBUG 'ansible_navigator.main' After rollback: mode = 'Not set' (Constants/Not set)
2024-05-29T18:35:01.493891+00:00 DEBUG 'ansible_navigator.main' After rollback: osc4 = 'Not set' (Constants/Not set)
2024-05-29T18:35:01.493902+00:00 DEBUG 'ansible_navigator.main' After rollback: pass_environment_variable = 'Not set' (Constants/Not set)
2024-05-29T18:35:01.493914+00:00 DEBUG 'ansible_navigator.main' After rollback: playbook = 'Not set' (Constants/Not set)
2024-05-29T18:35:01.493928+00:00 DEBUG 'ansible_navigator.main' After rollback: playbook_artifact_enable = 'Not set' (Constants/Not set)
2024-05-29T18:35:01.493939+00:00 DEBUG 'ansible_navigator.main' After rollback: playbook_artifact_replay = 'Not set' (Constants/Not set)
2024-05-29T18:35:01.493951+00:00 DEBUG 'ansible_navigator.main' After rollback: playbook_artifact_save_as = 'Not set' (Constants/Not set)
2024-05-29T18:35:01.493962+00:00 DEBUG 'ansible_navigator.main' After rollback: plugin_name = 'Not set' (Constants/Not set)
2024-05-29T18:35:01.493974+00:00 DEBUG 'ansible_navigator.main' After rollback: plugin_type = 'Not set' (Constants/Not set)
2024-05-29T18:35:01.493985+00:00 DEBUG 'ansible_navigator.main' After rollback: pull_arguments = 'Not set' (Constants/Not set)
2024-05-29T18:35:01.493996+00:00 DEBUG 'ansible_navigator.main' After rollback: pull_policy = 'Not set' (Constants/Not set)
2024-05-29T18:35:01.494008+00:00 DEBUG 'ansible_navigator.main' After rollback: set_environment_variable = 'Not set' (Constants/Not set)
2024-05-29T18:35:01.494019+00:00 DEBUG 'ansible_navigator.main' After rollback: settings_effective = 'Not set' (Constants/Not set)
2024-05-29T18:35:01.494030+00:00 DEBUG 'ansible_navigator.main' After rollback: settings_sample = 'Not set' (Constants/Not set)
2024-05-29T18:35:01.494042+00:00 DEBUG 'ansible_navigator.main' After rollback: settings_schema = 'Not set' (Constants/Not set)
2024-05-29T18:35:01.494053+00:00 DEBUG 'ansible_navigator.main' After rollback: settings_sources = 'Not set' (Constants/Not set)
2024-05-29T18:35:01.494064+00:00 DEBUG 'ansible_navigator.main' After rollback: time_zone = 'Not set' (Constants/Not set)
2024-05-29T18:35:01.494076+00:00 DEBUG 'ansible_navigator.main' After rollback: workdir = 'Not set' (Constants/Not set)
2024-05-29T18:35:01.494087+00:00 DEBUG 'ansible_navigator.main' Configuration rollback complete.
2024-05-29T18:35:01.494098+00:00 DEBUG 'ansible_navigator.main' Collection doc cache not mounted
2024-05-29T18:35:01.494113+00:00 WARNING 'ansible_navigator.main' Issues were found while applying the settings.
2024-05-29T18:35:01.494126+00:00 INFO 'ansible_navigator.main' Command provided: 'run inspect_ee.yaml'
2024-05-29T18:35:01.494139+00:00 ERROR 'ansible_navigator.main' The following execution-environment.volume-mounts entry could not be parsed:  {'src': '~/code/ansible/projects/homelab/collections', 'dest': '/usr/share/ansible/collections', 'options': 'Z'} (Settings file). Errors were found: Source: '/Users/edwardingram/code/ansible/projects/homelab/collections' does not exist.
2024-05-29T18:35:01.494152+00:00 INFO 'ansible_navigator.main' The value of execution-environment.volume-mounts should be a list of dictionaries and valid keys are 'src', 'dest' and 'options'.
2024-05-29T18:35:01.494165+00:00 INFO 'ansible_navigator.main' Configuration failed, using default log file location. (/Users/edwardingram/code/ansible/collections/ansible_collections/eingram23/homelab/ansible-navigator.log) Log level set to debug
2024-05-29T18:35:01.494177+00:00 INFO 'ansible_navigator.main' Review the hints and log file to see what went wrong.
